#
# There is insufficient memory for the Java Runtime Environment to continue.
# Native memory allocation (malloc) failed to allocate 1048576 bytes. Error detail: AllocateHeap
# Possible reasons:
#   The system is out of physical RAM or swap space
#   This process is running with CompressedOops enabled, and the Java Heap may be blocking the growth of the native heap
# Possible solutions:
#   Reduce memory load on the system
#   Increase physical memory or swap space
#   Check if swap backing store is full
#   Decrease Java heap size (-Xmx/-Xms)
#   Decrease number of Java threads
#   Decrease Java thread stack sizes (-Xss)
#   Set larger code cache with -XX:ReservedCodeCacheSize=
#   JVM is running with Unscaled Compressed Oops mode in which the Java heap is
#     placed in the first 4GB address space. The Java Heap base address is the
#     maximum limit for the native heap growth. Please use -XX:HeapBaseMinAddress
#     to set the Java Heap base and to place the Java Heap above 4GB virtual address.
# This output file may be truncated or incomplete.
#
#  Out of Memory Error (allocation.cpp:44), pid=18156, tid=7884
#
# JRE version:  (21.0.5+8) (build )
# Java VM: OpenJDK 64-Bit Server VM (21.0.5+8-b631.16, mixed mode, sharing, tiered, compressed oops, compressed class ptrs, g1 gc, windows-amd64)
# No core dump will be written. Minidumps are not enabled by default on client versions of Windows
#

---------------  S U M M A R Y ------------

Command Line: -Dorg.sqlite.tmpdir=C:\Users\talon\AppData\Local\JetBrains\PyCharm2024.3\jdbc-native-deps\user-provided\xerial-e3b0c44298fc1c149afbf4c8996fb92427ae41e4649b934ca495991b7852b855\libs -Djava.rmi.server.hostname=127.0.0.1 -Duser.timezone=UTC -Xmx2048m -Xms256m -Djdbc.classpath=C:\Users\talon\AppData\Local\Temp\RemoteDriver1.classpath.txt --add-exports=java.desktop/sun.awt=ALL-UNNAMED --add-exports=java.desktop/java.awt.peer=ALL-UNNAMED --add-opens=java.desktop/java.awt=ALL-UNNAMED --add-opens=jdk.unsupported/sun.misc=ALL-UNNAMED --add-opens=java.base/java.nio=ALL-UNNAMED --add-opens=java.base/java.util=ALL-UNNAMED -Dfile.encoding=UTF-8 -Dsun.stdout.encoding=UTF-8 -Dsun.stderr.encoding=UTF-8 com.intellij.database.remote.RemoteJdbcServer org.sqlite.JDBC

Host: 11th Gen Intel(R) Core(TM) i5-11300H @ 3.10GHz, 8 cores, 15G,  Windows 11 , 64 bit Build 26100 (10.0.26100.3037)
Time: Tue Mar 11 14:02:13 2025  Windows 11 , 64 bit Build 26100 (10.0.26100.3037) elapsed time: 1.027722 seconds (0d 0h 0m 1s)

---------------  T H R E A D  ---------------

Current thread (0x000001c70ab242d0):  JavaThread "Unknown thread" [_thread_in_vm, id=7884, stack(0x0000008dfa400000,0x0000008dfa500000) (1024K)]

Stack: [0x0000008dfa400000,0x0000008dfa500000]
Native frames: (J=compiled Java code, j=interpreted, Vv=VM code, C=native code)
V  [jvm.dll+0x6e52b9]
V  [jvm.dll+0x8c3633]
V  [jvm.dll+0x8c5b8e]
V  [jvm.dll+0x8c6273]
V  [jvm.dll+0x288f46]
V  [jvm.dll+0xc0e57]
V  [jvm.dll+0x33e2e5]
V  [jvm.dll+0x3368f1]
V  [jvm.dll+0x88aa89]
V  [jvm.dll+0x3ca518]
V  [jvm.dll+0x873b98]
V  [jvm.dll+0x45eede]
V  [jvm.dll+0x460bc1]
C  [jli.dll+0x52ab]
C  [ucrtbase.dll+0x37b0]
C  [KERNEL32.DLL+0x2e8d7]
C  [ntdll.dll+0xbbf2c]


---------------  P R O C E S S  ---------------

Threads class SMR info:
_java_thread_list=0x00007ffbbe4da148, length=0, elements={
}

Java Threads: ( => current thread )
Total: 0

Other Threads:
  0x000001c70c4d4cc0 WorkerThread "GC Thread#0"                     [id=23040, stack(0x0000008dfa500000,0x0000008dfa600000) (1024K)]

[error occurred during error reporting (printing all threads), id 0xc0000005, EXCEPTION_ACCESS_VIOLATION (0xc0000005) at pc=0x00007ffbbdbc2ed0]
VM state: not at safepoint (not fully initialized)

VM Mutex/Monitor currently owned by a thread:  ([mutex/lock_event])
[0x00007ffbbe54eb30] Heap_lock - owner thread: 0x000001c70ab242d0

Heap address: 0x0000000080000000, size: 2048 MB, Compressed Oops mode: 32-bit

CDS archive(s) mapped at: [0x0000000000000000-0x0000000000000000-0x0000000000000000), size 0, SharedBaseAddress: 0x0000000800000000, ArchiveRelocationMode: 1.
Narrow klass base: 0x0000000000000000, Narrow klass shift: 0, Narrow klass range: 0x0

GC Precious Log:
 CardTable entry size: 512
 Card Set container configuration: InlinePtr #cards 5 size 8 Array Of Cards #cards 12 size 40 Howl #buckets 4 coarsen threshold 1843 Howl Bitmap #cards 512 size 80 coarsen threshold 460 Card regions per heap region 1 cards per card region 2048

Heap:
 garbage-first heap   total 0K, used 0K [0x0000000080000000, 0x0000000100000000)
  region size 1024K, 0 young (0K), 0 survivors (0K)
 Metaspace       used 0K, committed 0K, reserved 0K
  class space    used 0K, committed 0K, reserved 0K

Heap Regions: E=young(eden), S=young(survivor), O=old, HS=humongous(starts), HC=humongous(continues), CS=collection set, F=free, TAMS=top-at-mark-start, PB=parsable bottom

Card table byte_map: [0x000001c720300000,0x000001c720700000] _byte_map_base: 0x000001c71ff00000

GC Heap History (0 events):
No events

Dll operation events (1 events):
Event: 0.011 Loaded shared library D:\Program Files (x86)\PyCharm 2024.3\jbr\bin\java.dll

Deoptimization events (0 events):
No events

Classes loaded (0 events):
No events

Classes unloaded (0 events):
No events

Classes redefined (0 events):
No events

Internal exceptions (0 events):
No events

ZGC Phase Switch (0 events):
No events

VM Operations (0 events):
No events

Memory protections (0 events):
No events

Nmethod flushes (0 events):
No events

Events (0 events):
No events


Dynamic libraries:
0x00007ff7cf120000 - 0x00007ff7cf12a000 	D:\Program Files (x86)\PyCharm 2024.3\jbr\bin\java.exe
0x00007ffc71560000 - 0x00007ffc717c3000 	C:\WINDOWS\SYSTEM32\ntdll.dll
0x00007ffc6fe30000 - 0x00007ffc6fef7000 	C:\WINDOWS\System32\KERNEL32.DLL
0x00007ffc6eae0000 - 0x00007ffc6eea7000 	C:\WINDOWS\System32\KERNELBASE.dll
0x00007ffc6e900000 - 0x00007ffc6ea4c000 	C:\WINDOWS\System32\ucrtbase.dll
0x00007ffc692e0000 - 0x00007ffc692fb000 	D:\Program Files (x86)\PyCharm 2024.3\jbr\bin\VCRUNTIME140.dll
0x00007ffc585f0000 - 0x00007ffc58608000 	D:\Program Files (x86)\PyCharm 2024.3\jbr\bin\jli.dll
0x00007ffc705d0000 - 0x00007ffc70799000 	C:\WINDOWS\System32\USER32.dll
0x00007ffc6f160000 - 0x00007ffc6f187000 	C:\WINDOWS\System32\win32u.dll
0x00007ffc70900000 - 0x00007ffc7092a000 	C:\WINDOWS\System32\GDI32.dll
0x00007ffc6f030000 - 0x00007ffc6f15b000 	C:\WINDOWS\System32\gdi32full.dll
0x00007ffc6f250000 - 0x00007ffc6f2f3000 	C:\WINDOWS\System32\msvcp_win.dll
0x00007ffc56cb0000 - 0x00007ffc56f40000 	C:\WINDOWS\WinSxS\amd64_microsoft.windows.common-controls_6595b64144ccf1df_6.0.26100.3037_none_3e09262ce333c378\COMCTL32.dll
0x00007ffc70370000 - 0x00007ffc70419000 	C:\WINDOWS\System32\msvcrt.dll
0x00007ffc707a0000 - 0x00007ffc707cf000 	C:\WINDOWS\System32\IMM32.DLL
0x00007ffc66a80000 - 0x00007ffc66a8c000 	D:\Program Files (x86)\PyCharm 2024.3\jbr\bin\vcruntime140_1.dll
0x00007ffc09620000 - 0x00007ffc096ad000 	D:\Program Files (x86)\PyCharm 2024.3\jbr\bin\msvcp140.dll
0x00007ffbbd880000 - 0x00007ffbbe641000 	D:\Program Files (x86)\PyCharm 2024.3\jbr\bin\server\jvm.dll
0x00007ffc707e0000 - 0x00007ffc70894000 	C:\WINDOWS\System32\ADVAPI32.dll
0x00007ffc6ff30000 - 0x00007ffc6ffd6000 	C:\WINDOWS\System32\sechost.dll
0x00007ffc704b0000 - 0x00007ffc705c6000 	C:\WINDOWS\System32\RPCRT4.dll
0x00007ffc6fd00000 - 0x00007ffc6fd74000 	C:\WINDOWS\System32\WS2_32.dll
0x00007ffc6d580000 - 0x00007ffc6d5ce000 	C:\WINDOWS\SYSTEM32\POWRPROF.dll
0x00007ffc5c600000 - 0x00007ffc5c636000 	C:\WINDOWS\SYSTEM32\WINMM.dll
0x00007ffc649c0000 - 0x00007ffc649cb000 	C:\WINDOWS\SYSTEM32\VERSION.dll
0x00007ffc6d560000 - 0x00007ffc6d574000 	C:\WINDOWS\SYSTEM32\UMPDC.dll
0x00007ffc6d840000 - 0x00007ffc6d85a000 	C:\WINDOWS\SYSTEM32\kernel.appcore.dll
0x00007ffc66a70000 - 0x00007ffc66a7a000 	D:\Program Files (x86)\PyCharm 2024.3\jbr\bin\jimage.dll
0x00007ffc6c1e0000 - 0x00007ffc6c421000 	C:\WINDOWS\SYSTEM32\DBGHELP.DLL
0x00007ffc6ffe0000 - 0x00007ffc7035e000 	C:\WINDOWS\System32\combase.dll
0x00007ffc6f540000 - 0x00007ffc6f616000 	C:\WINDOWS\System32\OLEAUT32.dll
0x00007ffc54c80000 - 0x00007ffc54cb9000 	C:\WINDOWS\SYSTEM32\dbgcore.DLL
0x00007ffc6f300000 - 0x00007ffc6f399000 	C:\WINDOWS\System32\bcryptPrimitives.dll
0x00007ffc3f620000 - 0x00007ffc3f640000 	D:\Program Files (x86)\PyCharm 2024.3\jbr\bin\java.dll

dbghelp: loaded successfully - version: 4.0.5 - missing functions: none
symbol engine: initialized successfully - sym options: 0x614 - pdb path: .;D:\Program Files (x86)\PyCharm 2024.3\jbr\bin;C:\WINDOWS\SYSTEM32;C:\WINDOWS\WinSxS\amd64_microsoft.windows.common-controls_6595b64144ccf1df_6.0.26100.3037_none_3e09262ce333c378;D:\Program Files (x86)\PyCharm 2024.3\jbr\bin\server

VM Arguments:
jvm_args: -Dorg.sqlite.tmpdir=C:\Users\talon\AppData\Local\JetBrains\PyCharm2024.3\jdbc-native-deps\user-provided\xerial-e3b0c44298fc1c149afbf4c8996fb92427ae41e4649b934ca495991b7852b855\libs -Djava.rmi.server.hostname=127.0.0.1 -Duser.timezone=UTC -Xmx2048m -Xms256m -Djdbc.classpath=C:\Users\talon\AppData\Local\Temp\RemoteDriver1.classpath.txt --add-exports=java.desktop/sun.awt=ALL-UNNAMED --add-exports=java.desktop/java.awt.peer=ALL-UNNAMED --add-opens=java.desktop/java.awt=ALL-UNNAMED --add-opens=jdk.unsupported/sun.misc=ALL-UNNAMED --add-opens=java.base/java.nio=ALL-UNNAMED --add-opens=java.base/java.util=ALL-UNNAMED -Dfile.encoding=UTF-8 -Dsun.stdout.encoding=UTF-8 -Dsun.stderr.encoding=UTF-8 
java_command: com.intellij.database.remote.RemoteJdbcServer org.sqlite.JDBC
java_class_path (initial): D:\Program Files (x86)\PyCharm 2024.3\lib\util_rt.jar;D:\Program Files (x86)\PyCharm 2024.3\lib\util-8.jar;D:\Program Files (x86)\PyCharm 2024.3\lib\groovy.jar;D:\Program Files (x86)\PyCharm 2024.3\plugins\DatabaseTools\lib\jdbc-console.jar;D:\Program Files (x86)\PyCharm 2024.3\plugins\grid-core-impl\lib\jdbc-console-types.jar;D:\Program Files (x86)\PyCharm 2024.3\lib\util.jar;D:\Program Files (x86)\PyCharm 2024.3\lib\bouncy-castle.jar
Launcher Type: SUN_STANDARD

[Global flags]
     intx CICompilerCount                          = 4                                         {product} {ergonomic}
     uint ConcGCThreads                            = 2                                         {product} {ergonomic}
     uint G1ConcRefinementThreads                  = 8                                         {product} {ergonomic}
   size_t G1HeapRegionSize                         = 1048576                                   {product} {ergonomic}
    uintx GCDrainStackTargetSize                   = 64                                        {product} {ergonomic}
   size_t InitialHeapSize                          = 268435456                                 {product} {command line}
   size_t MarkStackSize                            = 4194304                                   {product} {ergonomic}
   size_t MaxHeapSize                              = 2147483648                                {product} {command line}
   size_t MinHeapDeltaBytes                        = 1048576                                   {product} {ergonomic}
   size_t MinHeapSize                              = 268435456                                 {product} {command line}
    uintx NonNMethodCodeHeapSize                   = 5839372                                {pd product} {ergonomic}
    uintx NonProfiledCodeHeapSize                  = 122909434                              {pd product} {ergonomic}
    uintx ProfiledCodeHeapSize                     = 122909434                              {pd product} {ergonomic}
    uintx ReservedCodeCacheSize                    = 251658240                              {pd product} {ergonomic}
     bool SegmentedCodeCache                       = true                                      {product} {ergonomic}
   size_t SoftMaxHeapSize                          = 2147483648                             {manageable} {ergonomic}
     bool UseCompressedOops                        = true                           {product lp64_product} {ergonomic}
     bool UseG1GC                                  = true                                      {product} {ergonomic}
     bool UseLargePagesIndividualAllocation        = false                                  {pd product} {ergonomic}

Logging:
Log output configuration:
 #0: stdout all=warning uptime,level,tags foldmultilines=false
 #1: stderr all=off uptime,level,tags foldmultilines=false

Environment Variables:
PATH=C:\WINDOWS\system32;C:\WINDOWS;C:\WINDOWS\System32\Wbem;C:\WINDOWS\System32\WindowsPowerShell\v1.0\;C:\WINDOWS\System32\OpenSSH\;C:\Users\talon\AppData\Roaming\nvm;C:\Program Files\nodejs;D:\Program Files\Tortoisegit\bin;D:\software\pyenv\pyenv-win\bin;D:\software\pyenv\pyenv-win\shims;C:\Program Files (x86)\Windows Kits\10\Windows Performance Toolkit\;C:\Program Files\Git\cmd;C:\Program Files\Docker\Docker\resources\bin;D:\dos2unix-7.5.2-win64\bin;D:\anaconda;D:\anaconda\Scripts;D:\anaconda\Library\bin;D:\anaconda\Library\mingw-w64\bin;D:\Program Files (x86)\微信web开发者工具\dll;C:\Program Files\LibreOffice\program;d:\Trae\bin;C:\Users\talon\.local\bin;C:\Users\talon\AppData\Local\Microsoft\WindowsApps;D:\Program Files\VSCode\bin;C:\Users\talon\AppData\Roaming\nvm;C:\Program Files\nodejs;D:\Program Files\DataGrip 2024.1.4\bin;;D:\Program Files\PyCharm 2024.1.4\bin;D:\DevEco Studio\bin;D:\Program Files (x86)\PyCharm 2024.3\bin;;D:\Program Files (x86)\WebStorm 2024.3\bin;;C:\Users\talon\AppData\Local\Microsoft\WindowsApps;D:\cursor\resources\app\bin
USERNAME=talon
OS=Windows_NT
PROCESSOR_IDENTIFIER=Intel64 Family 6 Model 140 Stepping 1, GenuineIntel
TMP=C:\Users\talon\AppData\Local\Temp
TEMP=C:\Users\talon\AppData\Local\Temp




Periodic native trim disabled

JNI global refs:
JNI global refs: 0, weak refs: 0

JNI global refs memory usage: 0, weak refs: 0

Process memory usage:
Resident Set Size: 12712K (0% of 16555320K total physical memory with 1377016K free physical memory)

OOME stack traces (most recent first):
Classloader memory used:

---------------  S Y S T E M  ---------------

OS:
 Windows 11 , 64 bit Build 26100 (10.0.26100.3037)
OS uptime: 8 days 4:52 hours
Hyper-V role detected

CPU: total 8 (initial active 8) (4 cores per cpu, 2 threads per core) family 6 model 140 stepping 1 microcode 0xa6, cx8, cmov, fxsr, ht, mmx, 3dnowpref, sse, sse2, sse3, ssse3, sse4.1, sse4.2, popcnt, lzcnt, tsc, tscinvbit, avx, avx2, aes, erms, clmul, bmi1, bmi2, adx, avx512f, avx512dq, avx512cd, avx512bw, avx512vl, sha, fma, vzeroupper, avx512_vpopcntdq, avx512_vpclmulqdq, avx512_vaes, avx512_vnni, clflush, clflushopt, clwb, avx512_vbmi2, avx512_vbmi, hv, rdtscp, rdpid, fsrm, gfni, avx512_bitalg, f16c, cet_ibt, cet_ss, avx512_ifma
Processor Information for processor 0
  Max Mhz: 3110, Current Mhz: 3110, Mhz Limit: 3110
Processor Information for processor 1
  Max Mhz: 3110, Current Mhz: 3110, Mhz Limit: 3110
Processor Information for processor 2
  Max Mhz: 3110, Current Mhz: 1203, Mhz Limit: 3110
Processor Information for processor 3
  Max Mhz: 3110, Current Mhz: 3110, Mhz Limit: 3110
Processor Information for processor 4
  Max Mhz: 3110, Current Mhz: 3110, Mhz Limit: 3110
Processor Information for processor 5
  Max Mhz: 3110, Current Mhz: 3110, Mhz Limit: 3110
Processor Information for processor 6
  Max Mhz: 3110, Current Mhz: 1203, Mhz Limit: 3110
Processor Information for processor 7
  Max Mhz: 3110, Current Mhz: 1203, Mhz Limit: 3110

Memory: 4k page, system-wide physical 16167M (1344M free)
TotalPageFile size 35247M (AvailPageFile size 5M)
current process WorkingSet (physical memory assigned to process): 12M, peak: 12M
current process commit charge ("private bytes"): 53M, peak: 54M

vm_info: OpenJDK 64-Bit Server VM (21.0.5+8-b631.16) for windows-amd64 JRE (21.0.5+8-b631.16), built on 2024-11-02 by "builduser" with MS VC++ 16.10 / 16.11 (VS2019)

END.
